<?xml version="1.0" encoding="UTF-8"?>
<!-- Generated by org.testng.reporters.JUnitReportReporter -->
<testsuite hostname="LAPTOP-3I5RTLPO" failures="0" tests="2" name="testScript.HomeTest" time="6.182" errors="0" timestamp="2025-03-20T13:27:42 IST" skipped="1">
  <testcase classname="testScript.HomeTest" name="verifySuccessfullUserLogoutFromHomePageAfterLogin" time="2.022">
    <skipped/>
  </testcase> <!-- verifySuccessfullUserLogoutFromHomePageAfterLogin -->
  <testcase classname="testScript.HomeTest" name="verifySuccessfullUserLogoutFromHomePageAfterLogin" time="4.160"/>
</testsuite> <!-- testScript.HomeTest -->
