<?xml version="1.0" encoding="UTF-8"?>
<!-- Generated by org.testng.reporters.JUnitReportReporter -->
<testsuite hostname="LAPTOP-3I5RTLPO" failures="0" tests="3" name="testScript.SubCategoryTest" time="10.678" errors="0" timestamp="2025-03-20T13:27:42 IST" skipped="0">
  <testcase classname="testScript.SubCategoryTest" name="verifyWhetherUserIsAbleTosearchItemsInTheSubCategoryList" time="3.346"/>
  <testcase classname="testScript.SubCategoryTest" name="verifyWhetherUserIsAbleToaddNewItemToSubCategoryList" time="4.091"/>
  <testcase classname="testScript.SubCategoryTest" name="verifyWhetherUserIsAbleTorefreshPageUsingResetButton" time="3.241"/>
</testsuite> <!-- testScript.SubCategoryTest -->
